#
# A fatal error has been detected by the Java Runtime Environment:
#
#  EXCEPTION_ACCESS_VIOLATION (0xc0000005) at pc=0x00007ffcb21a2246, pid=6052, tid=11908
#
# JRE version: OpenJDK Runtime Environment Temurin-21.0.3+9 (21.0.3+9) (build 21.0.3+9-LTS)
# Java VM: OpenJDK 64-Bit Server VM Temurin-21.0.3+9 (21.0.3+9-LTS, mixed mode, tiered, compressed oops, compressed class ptrs, g1 gc, windows-amd64)
# Problematic frame:
# V  [jvm.dll+0x1e2246]
#
# No core dump will be written. Minidumps are not enabled by default on client versions of Windows
#
# If you would like to submit a bug report, please visit:
#   https://github.com/adoptium/adoptium-support/issues
#

---------------  S U M M A R Y ------------

Command Line: -Djavax.net.ssl.trustStoreType=WINDOWS-ROOT -Dsun.java2d.d3d=false com.st.microxplorer.maingui.STM32CubeMX D:\MPLIB\MPLIB_APP_FRAMEWORK_H7_FREERTOS\MPLIB_APP_FRAMEWORK_H7_FREERTOS.ioc

Host: Intel(R) Core(TM) i7-3840QM CPU @ 2.80GHz, 8 cores, 31G,  Windows 10 , 64 bit Build 19041 (10.0.19041.5438)
Time: Sun Mar  9 12:31:11 2025 Eastern Daylight Time elapsed time: 39.662669 seconds (0d 0h 0m 39s)

---------------  T H R E A D  ---------------

Current thread (0x0000000028a591f0):  JavaThread "C2 CompilerThread0" daemon [_thread_in_native, id=11908, stack(0x000000002d600000,0x000000002d700000) (1024K)]


Current CompileTask:
C2:  39662 3276   !   4       jdk.internal.loader.BuiltinClassLoader::loadClassOrNull (143 bytes)

Stack: [0x000000002d600000,0x000000002d700000],  sp=0x000000002d6fcc90,  free space=1011k
Native frames: (J=compiled Java code, j=interpreted, Vv=VM code, C=native code)
V  [jvm.dll+0x1e2246]
V  [jvm.dll+0x3b281b]
V  [jvm.dll+0x3b1925]
V  [jvm.dll+0x1df8ce]
V  [jvm.dll+0x246b12]
V  [jvm.dll+0x245f9f]
V  [jvm.dll+0x1c6f4e]
V  [jvm.dll+0x255719]
V  [jvm.dll+0x253cba]
V  [jvm.dll+0x3ec1e6]
V  [jvm.dll+0x84bf8b]
V  [jvm.dll+0x6c6dcd]
C  [ucrtbase.dll+0x21bb2]
C  [KERNEL32.DLL+0x17374]
C  [ntdll.dll+0x4cc91]


siginfo: EXCEPTION_ACCESS_VIOLATION (0xc0000005), reading address 0xffffffffffffffff


Registers:
RAX=0x0000ab0031f8dd30, RBX=0x00000000325dc030, RCX=0x000000000000000f, RDX=0x0000000000000f76
RSP=0x000000002d6fcc90, RBP=0x000000002d6fd030, RSI=0x00000000000023b3, RDI=0x0000000000000f76
R8 =0x0000000000000f76, R9 =0x00000000000001fe, R10=0xffffffffffffffff, R11=0x000000000000000a
R12=0x00000000330b722c, R13=0x0000000000000020, R14=0x000000002d6fd3d0, R15=0x0000000000000000
RIP=0x00007ffcb21a2246, EFLAGS=0x0000000000010206


Register to memory mapping:

RAX=0x0000ab0031f8dd30 is an unknown value
RBX=0x00000000325dc030 points into unknown readable memory: 0x0000000000000000 | 00 00 00 00 00 00 00 00
RCX=0x000000000000000f is an unknown value
RDX=0x0000000000000f76 is an unknown value
RSP=0x000000002d6fcc90 is pointing into the stack for thread: 0x0000000028a591f0
RBP=0x000000002d6fd030 is pointing into the stack for thread: 0x0000000028a591f0
RSI=0x00000000000023b3 is an unknown value
RDI=0x0000000000000f76 is an unknown value
R8 =0x0000000000000f76 is an unknown value
R9 =0x00000000000001fe is an unknown value
R10=0xffffffffffffffff is an unknown value
R11=0x000000000000000a is an unknown value
R12=0x00000000330b722c points into unknown readable memory: 12 00 00 00
R13=0x0000000000000020 is an unknown value
R14=0x000000002d6fd3d0 is pointing into the stack for thread: 0x0000000028a591f0
R15=0x0 is null

Top of Stack: (sp=0x000000002d6fcc90)
0x000000002d6fcc90:   00000000325dc0d0 0000000000000000
0x000000002d6fcca0:   ffffffff3f3fffff ffffffffffffffff
0x000000002d6fccb0:   00000000337bd170 00007ffcb237281b
0x000000002d6fccc0:   000000003389bb60 000000002d6fd030
0x000000002d6fccd0:   00000000000023b3 ffffffffffffffff
0x000000002d6fcce0:   00000000000001fe 0000000200000f76
0x000000002d6fccf0:   0000002700000010 0000000031464c20
0x000000002d6fcd00:   0000000031465090 000000002d6fce10
0x000000002d6fcd10:   00000000330b7200 000000003389bb60
0x000000002d6fcd20:   0000000000000002 00007ffcb2371925
0x000000002d6fcd30:   00000000330b722c 000000002d6fce30
0x000000002d6fcd40:   000000002d6fd3d0 00007ffc00000001
0x000000002d6fcd50:   000000002d6fcd80 0000000000000006
0x000000002d6fcd60:   000000170000001e 000000002f6c43f8
0x000000002d6fcd70:   000000000000001f 000000002f6c43d8
0x000000002d6fcd80:   0000001e00000000 0000000e00000020
0x000000002d6fcd90:   00007ffc00000000 0000002000000003
0x000000002d6fcda0:   0000000d0000000c 00007ffd00000000
0x000000002d6fcdb0:   00000000000005ec 00000000000023b3
0x000000002d6fcdc0:   0000000000000018 0000000000000000
0x000000002d6fcdd0:   0000000200001848 0000001900000019
0x000000002d6fcde0:   0000000031463a40 0000000031463f20
0x000000002d6fcdf0:   000000002d6fce10 000000002f6c4444
0x000000002d6fce00:   000000002f6c444c 00000000000006bb
0x000000002d6fce10:   0000002700000011 0000000031465090
0x000000002d6fce20:   0000000031b233c0 00007ffcb2085141
0x000000002d6fce30:   00000000000006a0 00000000000000d4
0x000000002d6fce40:   0000000032d20a90 00000000000006bb
0x000000002d6fce50:   0000000000000000 00007ffcb25933ab
0x000000002d6fce60:   0000000000000030 000000002d6fcef9
0x000000002d6fce70:   0000000000000000 000000002d6fcef9
0x000000002d6fce80:   000000002d6fcef0 00007ffcb25cc26a 

Instructions: (pc=0x00007ffcb21a2246)
0x00007ffcb21a2146:   48 83 bb 88 00 00 00 00 7d 07 b8 ff ff 0f 00 eb
0x00007ffcb21a2156:   09 48 8d 4b 38 e8 d0 3a 53 00 0f b7 8b 9c 00 00
0x00007ffcb21a2166:   00 3b c1 89 83 98 00 00 00 79 11 81 8b a8 00 00
0x00007ffcb21a2176:   00 00 01 00 00 c7 43 30 2f 75 00 00 ff c7 c7 43
0x00007ffcb21a2186:   34 00 00 00 00 3b be e0 00 00 00 0f 82 7b ff ff
0x00007ffcb21a2196:   ff 0f 28 74 24 40 48 83 c4 58 41 5f 41 5e 41 5d
0x00007ffcb21a21a6:   41 5c 5f 5e 5d 5b c3 ba f8 03 00 00 48 8d 0d ef
0x00007ffcb21a21b6:   2d 81 00 e8 a2 c1 09 00 cc 90 70 1d 1e 00 ad 21
0x00007ffcb21a21c6:   1e 00 70 1d 1e 00 70 1d 1e 00 fd 1c 1e 00 70 1d
0x00007ffcb21a21d6:   1e 00 3d 1d 1e 00 3d 1d 1e 00 b1 1d 1e 00 70 1d
0x00007ffcb21a21e6:   1e 00 90 1d 1e 00 b1 1d 1e 00 cf 1d 1e 00 ed 1d
0x00007ffcb21a21f6:   1e 00 90 1d 1e 00 70 1d 1e 00 48 8b 41 58 48 8d
0x00007ffcb21a2206:   0d 99 be a4 00 48 63 40 10 48 c1 e0 05 8b 04 08
0x00007ffcb21a2216:   c3 cc cc cc cc cc cc cc cc cc 40 53 48 83 ec 20
0x00007ffcb21a2226:   48 8b d9 85 d2 75 08 32 c0 48 83 c4 20 5b c3 48
0x00007ffcb21a2236:   8b 43 08 8b ca 48 c1 e9 08 48 89 7c 24 30 8b fa
0x00007ffcb21a2246:   4c 8b 04 c8 48 8d 05 cf 7f aa 00 4c 3b c0 75 0b
0x00007ffcb21a2256:   48 8b cb e8 e2 53 1d 00 4c 8b c0 40 0f b6 cf ba
0x00007ffcb21a2266:   01 00 00 00 48 c1 ef 06 80 e1 3f 83 e7 03 48 d3
0x00007ffcb21a2276:   e2 49 8b 0c f8 48 8b c1 48 0b c2 49 89 04 f8 48
0x00007ffcb21a2286:   8b 7c 24 30 48 23 ca 75 02 ff 03 48 85 c9 0f 94
0x00007ffcb21a2296:   c0 48 83 c4 20 5b c3 cc cc cc 44 8b d2 41 3b d0
0x00007ffcb21a22a6:   7c 49 41 8d 80 c0 02 00 00 3b d0 7d 3e 44 8b ca
0x00007ffcb21a22b6:   45 2b c8 41 8b c1 83 e0 3f 0f b6 d0 41 8b c1 48
0x00007ffcb21a22c6:   c1 e8 06 48 8b 44 c1 38 48 0f a3 d0 73 1d 0f b7
0x00007ffcb21a22d6:   81 9c 00 00 00 83 f8 01 74 0e 8d 48 ff 8b c1 41
0x00007ffcb21a22e6:   23 c2 3b c1 0f 94 c0 c3 b0 01 c3 32 c0 c3 cc cc
0x00007ffcb21a22f6:   cc cc cc cc cc cc cc cc cc cc 40 55 41 55 41 57
0x00007ffcb21a2306:   48 83 ec 30 48 8b 41 48 33 ed 45 33 ff 4c 8b e9
0x00007ffcb21a2316:   39 68 40 0f 86 c7 00 00 00 48 89 5c 24 50 48 89
0x00007ffcb21a2326:   74 24 58 48 89 7c 24 60 4c 89 64 24 28 4c 89 74
0x00007ffcb21a2336:   24 20 0f 1f 84 00 00 00 00 00 48 8b 40 30 33 f6 


Stack slot to memory mapping:

stack at sp + 0 slots: 0x00000000325dc0d0 points into unknown readable memory: 0x000000240000000d | 0d 00 00 00 24 00 00 00
stack at sp + 1 slots: 0x0 is null
stack at sp + 2 slots: 0xffffffff3f3fffff is an unknown value
stack at sp + 3 slots: 0xffffffffffffffff is an unknown value
stack at sp + 4 slots: 0x00000000337bd170 points into unknown readable memory: 0x0000000000000000 | 00 00 00 00 00 00 00 00
stack at sp + 5 slots: 0x00007ffcb237281b jvm.dll
stack at sp + 6 slots: 0x000000003389bb60 points into unknown readable memory: 0x3e67a09bdfcfd409 | 09 d4 cf df 9b a0 67 3e
stack at sp + 7 slots: 0x000000002d6fd030 is pointing into the stack for thread: 0x0000000028a591f0


---------------  P R O C E S S  ---------------

Threads class SMR info:
_java_thread_list=0x000000002f804fa0, length=18, elements={
0x0000000028a3f870, 0x0000000028a40d20, 0x0000000028a36c00, 0x0000000028a4b670,
0x0000000028a2de30, 0x0000000028a53ea0, 0x0000000028a591f0, 0x0000000028a5b0b0,
0x0000000028c016e0, 0x0000000028c02400, 0x0000000028c02a90, 0x0000000028c03120,
0x0000000028c04b60, 0x0000000028c01d70, 0x0000000028c037b0, 0x0000000028c03e40,
0x0000000028c044d0, 0x000000002ec93cf0
}

Java Threads: ( => current thread )
  0x0000000028a3f870 JavaThread "Reference Handler"          daemon [_thread_blocked, id=12980, stack(0x000000002d000000,0x000000002d100000) (1024K)]
  0x0000000028a40d20 JavaThread "Finalizer"                  daemon [_thread_blocked, id=9144, stack(0x000000002d100000,0x000000002d200000) (1024K)]
  0x0000000028a36c00 JavaThread "Signal Dispatcher"          daemon [_thread_blocked, id=8872, stack(0x000000002d200000,0x000000002d300000) (1024K)]
  0x0000000028a4b670 JavaThread "Attach Listener"            daemon [_thread_blocked, id=12972, stack(0x000000002d300000,0x000000002d400000) (1024K)]
  0x0000000028a2de30 JavaThread "Service Thread"             daemon [_thread_blocked, id=12952, stack(0x000000002d400000,0x000000002d500000) (1024K)]
  0x0000000028a53ea0 JavaThread "Monitor Deflation Thread"   daemon [_thread_blocked, id=13860, stack(0x000000002d500000,0x000000002d600000) (1024K)]
=>0x0000000028a591f0 JavaThread "C2 CompilerThread0"         daemon [_thread_in_native, id=11908, stack(0x000000002d600000,0x000000002d700000) (1024K)]
  0x0000000028a5b0b0 JavaThread "C1 CompilerThread0"         daemon [_thread_blocked, id=15032, stack(0x000000002d700000,0x000000002d800000) (1024K)]
  0x0000000028c016e0 JavaThread "Notification Thread"        daemon [_thread_blocked, id=13300, stack(0x000000002d800000,0x000000002d900000) (1024K)]
  0x0000000028c02400 JavaThread "Common-Cleaner"             daemon [_thread_blocked, id=8404, stack(0x000000002d900000,0x000000002da00000) (1024K)]
  0x0000000028c02a90 JavaThread "Java2D Disposer"            daemon [_thread_blocked, id=14328, stack(0x0000000030060000,0x0000000030160000) (1024K)]
  0x0000000028c03120 JavaThread "AWT-Shutdown"                      [_thread_blocked, id=3136, stack(0x0000000030160000,0x0000000030260000) (1024K)]
  0x0000000028c04b60 JavaThread "AWT-Windows"                daemon [_thread_in_native, id=4592, stack(0x0000000030260000,0x0000000030360000) (1024K)]
  0x0000000028c01d70 JavaThread "AWT-EventQueue-0"                  [_thread_in_native, id=3892, stack(0x0000000030ea0000,0x0000000030fa0000) (1024K)]
  0x0000000028c037b0 JavaThread "SplashThread"                      [_thread_blocked, id=13988, stack(0x0000000030fa0000,0x00000000310a0000) (1024K)]
  0x0000000028c03e40 JavaThread "DestroyJavaVM"                     [_thread_blocked, id=11396, stack(0x0000000002a20000,0x0000000002b20000) (1024K)]
  0x0000000028c044d0 JavaThread "Thread-0"                          [_thread_blocked, id=13392, stack(0x0000000032170000,0x0000000032270000) (1024K)]
  0x000000002ec93cf0 JavaThread "Image Fetcher 0"            daemon [_thread_blocked, id=2212, stack(0x0000000032070000,0x0000000032170000) (1024K)]
Total: 18

Other Threads:
  0x00000000289b78e0 VMThread "VM Thread"                           [id=6904, stack(0x0000000028d70000,0x0000000028e70000) (1024K)]
  0x0000000027fd23d0 WatcherThread "VM Periodic Task Thread"        [id=12068, stack(0x0000000028870000,0x0000000028970000) (1024K)]
  0x00000000034022f0 WorkerThread "GC Thread#0"                     [id=7912, stack(0x00000000258f0000,0x00000000259f0000) (1024K)]
  0x000000002defe7d0 WorkerThread "GC Thread#1"                     [id=8532, stack(0x000000002e640000,0x000000002e740000) (1024K)]
  0x000000002e8800c0 WorkerThread "GC Thread#2"                     [id=6828, stack(0x000000002e740000,0x000000002e840000) (1024K)]
  0x000000002e880460 WorkerThread "GC Thread#3"                     [id=10280, stack(0x000000002f960000,0x000000002fa60000) (1024K)]
  0x000000002e880800 WorkerThread "GC Thread#4"                     [id=11736, stack(0x000000002fa60000,0x000000002fb60000) (1024K)]
  0x000000002e880ba0 WorkerThread "GC Thread#5"                     [id=13076, stack(0x000000002fb60000,0x000000002fc60000) (1024K)]
  0x000000002def8f60 WorkerThread "GC Thread#6"                     [id=4752, stack(0x000000002fc60000,0x000000002fd60000) (1024K)]
  0x000000002def9300 WorkerThread "GC Thread#7"                     [id=13896, stack(0x000000002fd60000,0x000000002fe60000) (1024K)]
  0x0000000003413bb0 ConcurrentGCThread "G1 Main Marker"            [id=4656, stack(0x00000000259f0000,0x0000000025af0000) (1024K)]
  0x00000000034146b0 WorkerThread "G1 Conc#0"                       [id=15016, stack(0x0000000025af0000,0x0000000025bf0000) (1024K)]
  0x000000002eb0ab40 WorkerThread "G1 Conc#1"                       [id=8740, stack(0x000000002fe60000,0x000000002ff60000) (1024K)]
  0x0000000027e980b0 ConcurrentGCThread "G1 Refine#0"               [id=13172, stack(0x0000000028670000,0x0000000028770000) (1024K)]
  0x0000000027e98c20 ConcurrentGCThread "G1 Service"                [id=9684, stack(0x0000000028770000,0x0000000028870000) (1024K)]
Total: 15

Threads with active compile tasks:
C2 CompilerThread0    39798 3276   !   4       jdk.internal.loader.BuiltinClassLoader::loadClassOrNull (143 bytes)
Total: 1

VM state: not at safepoint (normal execution)

VM Mutex/Monitor currently owned by a thread: None

Heap address: 0x0000000600c00000, size: 8180 MB, Compressed Oops mode: Zero based, Oop shift amount: 3

CDS archive(s) not mapped
Compressed class space mapped at: 0x0000000800000000-0x0000000840000000, reserved size: 1073741824
Narrow klass base: 0x0000000800000000, Narrow klass shift: 0, Narrow klass range: 0x40000000

GC Precious Log:
 CardTable entry size: 512
 Card Set container configuration: InlinePtr #cards 4 size 8 Array Of Cards #cards 32 size 80 Howl #buckets 8 coarsen threshold 7372 Howl Bitmap #cards 1024 size 144 coarsen threshold 921 Card regions per heap region 1 cards per card region 8192
 CPUs: 8 total, 8 available
 Memory: 32706M
 Large Page Support: Disabled
 NUMA Support: Disabled
 Compressed Oops: Enabled (Zero based)
 Heap Region Size: 4M
 Heap Min Capacity: 8M
 Heap Initial Capacity: 512M
 Heap Max Capacity: 8180M
 Pre-touch: Disabled
 Parallel Workers: 8
 Concurrent Workers: 2
 Concurrent Refinement Workers: 8
 Periodic GC: Disabled

Heap:
 garbage-first heap   total 81920K, used 45050K [0x0000000600c00000, 0x0000000800000000)
  region size 4096K, 8 young (32768K), 1 survivors (4096K)
 Metaspace       used 44079K, committed 44608K, reserved 1114112K
  class space    used 4654K, committed 4864K, reserved 1048576K

Heap Regions: E=young(eden), S=young(survivor), O=old, HS=humongous(starts), HC=humongous(continues), CS=collection set, F=free, TAMS=top-at-mark-start, PB=parsable bottom
|   0|0x0000000600c00000, 0x0000000601000000, 0x0000000601000000|100%|HS|  |TAMS 0x0000000600c00000| PB 0x0000000600c00000| Complete 
|   1|0x0000000601000000, 0x0000000601400000, 0x0000000601400000|100%|HC|  |TAMS 0x0000000601000000| PB 0x0000000601000000| Complete 
|   2|0x0000000601400000, 0x0000000601800000, 0x0000000601800000|100%| O|  |TAMS 0x0000000601400000| PB 0x0000000601400000| Untracked 
|   3|0x0000000601800000, 0x0000000601800000, 0x0000000601c00000|  0%| F|  |TAMS 0x0000000601800000| PB 0x0000000601800000| Untracked 
|   4|0x0000000601c00000, 0x0000000602000000, 0x0000000602000000|100%| O|Cm|TAMS 0x0000000601c00000| PB 0x0000000601c00000| Complete 
|   5|0x0000000602000000, 0x0000000602400000, 0x0000000602400000|100%| O|  |TAMS 0x0000000602000000| PB 0x0000000602000000| Untracked 
|   6|0x0000000602400000, 0x0000000602400000, 0x0000000602800000|  0%| F|  |TAMS 0x0000000602400000| PB 0x0000000602400000| Untracked 
|   7|0x0000000602800000, 0x0000000602800000, 0x0000000602c00000|  0%| F|  |TAMS 0x0000000602800000| PB 0x0000000602800000| Untracked 
|   8|0x0000000602c00000, 0x0000000602f64b58, 0x0000000603000000| 84%| O|  |TAMS 0x0000000602c00000| PB 0x0000000602c00000| Untracked 
|   9|0x0000000603000000, 0x0000000603000000, 0x0000000603400000|  0%| F|  |TAMS 0x0000000603000000| PB 0x0000000603000000| Untracked 
|  10|0x0000000603400000, 0x0000000603400000, 0x0000000603800000|  0%| F|  |TAMS 0x0000000603400000| PB 0x0000000603400000| Untracked 
|  11|0x0000000603800000, 0x0000000603800000, 0x0000000603c00000|  0%| F|  |TAMS 0x0000000603800000| PB 0x0000000603800000| Untracked 
|  12|0x0000000603c00000, 0x0000000603f7c800, 0x0000000604000000| 87%| E|  |TAMS 0x0000000603c00000| PB 0x0000000603c00000| Complete 
|  13|0x0000000604000000, 0x0000000604400000, 0x0000000604400000|100%| E|CS|TAMS 0x0000000604000000| PB 0x0000000604000000| Complete 
|  14|0x0000000604400000, 0x0000000604800000, 0x0000000604800000|100%| E|CS|TAMS 0x0000000604400000| PB 0x0000000604400000| Complete 
|  15|0x0000000604800000, 0x0000000604c00000, 0x0000000604c00000|100%| E|CS|TAMS 0x0000000604800000| PB 0x0000000604800000| Complete 
|  16|0x0000000604c00000, 0x0000000605000000, 0x0000000605000000|100%| E|  |TAMS 0x0000000604c00000| PB 0x0000000604c00000| Complete 
|  17|0x0000000605000000, 0x0000000605099fc0, 0x0000000605400000| 15%| S|CS|TAMS 0x0000000605000000| PB 0x0000000605000000| Complete 
| 125|0x0000000620000000, 0x0000000620400000, 0x0000000620400000|100%| E|CS|TAMS 0x0000000620000000| PB 0x0000000620000000| Complete 
| 127|0x0000000620800000, 0x0000000620c00000, 0x0000000620c00000|100%| E|CS|TAMS 0x0000000620800000| PB 0x0000000620800000| Complete 

Card table byte_map: [0x000000001c920000,0x000000001d920000] _byte_map_base: 0x000000001991a000

Marking Bits: (CMBitMap*) 0x00000000034029f0
 Bits: [0x000000001d920000, 0x00000000258f0000)

Polling page: 0x0000000002190000

Metaspace:

Usage:
  Non-class:     38.50 MB used.
      Class:      4.55 MB used.
       Both:     43.05 MB used.

Virtual space:
  Non-class space:       64.00 MB reserved,      38.81 MB ( 61%) committed,  1 nodes.
      Class space:        1.00 GB reserved,       4.75 MB ( <1%) committed,  1 nodes.
             Both:        1.06 GB reserved,      43.56 MB (  4%) committed. 

Chunk freelists:
   Non-Class:  9.20 MB
       Class:  11.28 MB
        Both:  20.49 MB

MaxMetaspaceSize: unlimited
CompressedClassSpaceSize: 1.00 GB
Initial GC threshold: 21.00 MB
Current GC threshold: 59.69 MB
CDS: off
 - commit_granule_bytes: 65536.
 - commit_granule_words: 8192.
 - virtual_space_node_default_size: 8388608.
 - enlarge_chunks_in_place: 1.
 - use_allocation_guard: 0.


Internal statistics:

num_allocs_failed_limit: 12.
num_arena_births: 518.
num_arena_deaths: 0.
num_vsnodes_births: 2.
num_vsnodes_deaths: 0.
num_space_committed: 697.
num_space_uncommitted: 0.
num_chunks_returned_to_freelist: 12.
num_chunks_taken_from_freelist: 1363.
num_chunk_merges: 6.
num_chunk_splits: 908.
num_chunks_enlarged: 582.
num_inconsistent_stats: 0.

CodeHeap 'non-profiled nmethods': size=120000Kb used=1378Kb max_used=1378Kb free=118621Kb
 bounds [0x00000000140c0000, 0x0000000014330000, 0x000000001b5f0000]
CodeHeap 'profiled nmethods': size=120000Kb used=6425Kb max_used=6425Kb free=113575Kb
 bounds [0x000000000c5f0000, 0x000000000cc40000, 0x0000000013b20000]
CodeHeap 'non-nmethods': size=5760Kb used=1733Kb max_used=1762Kb free=4026Kb
 bounds [0x0000000013b20000, 0x0000000013d90000, 0x00000000140c0000]
 total_blobs=4079 nmethods=3316 adapters=666
 compilation: enabled
              stopped_count=0, restarted_count=0
 full_count=0

Compilation events (20 events):
Event: 38.931 Thread 0x0000000028a5b0b0 nmethod 3478 0x000000000cc24f10 code [0x000000000cc250a0, 0x000000000cc251f0]
Event: 38.931 Thread 0x0000000028a5b0b0 3482       3       jdk.internal.icu.text.NormalizerBase::clearBuffer (14 bytes)
Event: 38.931 Thread 0x0000000028a5b0b0 nmethod 3482 0x000000000cc25290 code [0x000000000cc25440, 0x000000000cc25608]
Event: 38.931 Thread 0x0000000028a5b0b0 3479       3       java.lang.AbstractStringBuilder::append (70 bytes)
Event: 38.932 Thread 0x0000000028a5b0b0 nmethod 3479 0x000000000cc25710 code [0x000000000cc25920, 0x000000000cc25e68]
Event: 38.932 Thread 0x00000000313496a0 nmethod 3483 0x0000000014218290 code [0x0000000014218420, 0x0000000014218570]
Event: 38.932 Thread 0x0000000028a5b0b0 3480       3       java.lang.AbstractStringBuilder::inflateIfNeededFor (22 bytes)
Event: 38.932 Thread 0x0000000028a5b0b0 nmethod 3480 0x000000000cc26010 code [0x000000000cc261c0, 0x000000000cc263d8]
Event: 38.932 Thread 0x0000000028a5b0b0 3481       3       java.lang.AbstractStringBuilder::getCoder (15 bytes)
Event: 38.932 Thread 0x0000000028a5b0b0 nmethod 3481 0x000000000cc26510 code [0x000000000cc266a0, 0x000000000cc267d8]
Event: 38.932 Thread 0x00000000313496a0 3484       4       java.lang.String::codePointAt (50 bytes)
Event: 38.933 Thread 0x0000000028a5b0b0 3485       3       java.lang.StringLatin1::canEncode (13 bytes)
Event: 38.933 Thread 0x0000000028a5b0b0 nmethod 3485 0x000000000cc26890 code [0x000000000cc26a20, 0x000000000cc26b68]
Event: 38.934 Thread 0x0000000028a5b0b0 3486       3       java.util.regex.Pattern::newCharProperty (39 bytes)
Event: 38.934 Thread 0x0000000028a5b0b0 nmethod 3486 0x000000000cc26c10 code [0x000000000cc26e20, 0x000000000cc27720]
Event: 38.935 Thread 0x00000000313496a0 nmethod 3484 0x0000000014218690 code [0x0000000014218820, 0x00000000142189d8]
Event: 38.941 Thread 0x0000000028a5b0b0 3487       3       jdk.internal.misc.Unsafe::getAndAddInt (27 bytes)
Event: 38.942 Thread 0x0000000028a5b0b0 nmethod 3487 0x000000000cc27910 code [0x000000000cc27ac0, 0x000000000cc27cf0]
Event: 38.958 Thread 0x0000000028a5b0b0 3488 %     3       java.util.zip.ZipFile$Source::initCEN @ 261 (612 bytes)
Event: 38.962 Thread 0x0000000028a5b0b0 nmethod 3488% 0x000000000cc27e10 code [0x000000000cc28360, 0x000000000cc2b680]

GC Heap History (10 events):
Event: 20.248 GC heap before
{Heap before GC invocations=0 (full 0):
 garbage-first heap   total 524288K, used 32768K [0x0000000600c00000, 0x0000000800000000)
  region size 4096K, 6 young (24576K), 0 survivors (0K)
 Metaspace       used 18956K, committed 19200K, reserved 1114112K
  class space    used 1897K, committed 1984K, reserved 1048576K
}
Event: 20.254 GC heap after
{Heap after GC invocations=1 (full 0):
 garbage-first heap   total 524288K, used 12390K [0x0000000600c00000, 0x0000000800000000)
  region size 4096K, 1 young (4096K), 1 survivors (4096K)
 Metaspace       used 18956K, committed 19200K, reserved 1114112K
  class space    used 1897K, committed 1984K, reserved 1048576K
}
Event: 21.411 GC heap before
{Heap before GC invocations=1 (full 0):
 garbage-first heap   total 524288K, used 16486K [0x0000000600c00000, 0x0000000800000000)
  region size 4096K, 3 young (12288K), 1 survivors (4096K)
 Metaspace       used 21241K, committed 21504K, reserved 1114112K
  class space    used 2144K, committed 2240K, reserved 1048576K
}
Event: 21.416 GC heap after
{Heap after GC invocations=2 (full 0):
 garbage-first heap   total 524288K, used 13302K [0x0000000600c00000, 0x0000000800000000)
  region size 4096K, 1 young (4096K), 1 survivors (4096K)
 Metaspace       used 21241K, committed 21504K, reserved 1114112K
  class space    used 2144K, committed 2240K, reserved 1048576K
}
Event: 31.577 GC heap before
{Heap before GC invocations=3 (full 0):
 garbage-first heap   total 81920K, used 50166K [0x0000000600c00000, 0x0000000800000000)
  region size 4096K, 12 young (49152K), 1 survivors (4096K)
 Metaspace       used 35637K, committed 35968K, reserved 1114112K
  class space    used 3758K, committed 3904K, reserved 1048576K
}
Event: 31.586 GC heap after
{Heap after GC invocations=4 (full 0):
 garbage-first heap   total 81920K, used 22958K [0x0000000600c00000, 0x0000000800000000)
  region size 4096K, 2 young (8192K), 2 survivors (8192K)
 Metaspace       used 35637K, committed 35968K, reserved 1114112K
  class space    used 3758K, committed 3904K, reserved 1048576K
}
Event: 31.615 GC heap before
{Heap before GC invocations=4 (full 0):
 garbage-first heap   total 81920K, used 22958K [0x0000000600c00000, 0x0000000800000000)
  region size 4096K, 3 young (12288K), 2 survivors (8192K)
 Metaspace       used 35934K, committed 36288K, reserved 1114112K
  class space    used 3794K, committed 3968K, reserved 1048576K
}
Event: 31.621 GC heap after
{Heap after GC invocations=5 (full 0):
 garbage-first heap   total 81920K, used 24664K [0x0000000600c00000, 0x0000000800000000)
  region size 4096K, 1 young (4096K), 1 survivors (4096K)
 Metaspace       used 35934K, committed 36288K, reserved 1114112K
  class space    used 3794K, committed 3968K, reserved 1048576K
}
Event: 36.292 GC heap before
{Heap before GC invocations=5 (full 0):
 garbage-first heap   total 81920K, used 24664K [0x0000000600c00000, 0x0000000800000000)
  region size 4096K, 2 young (8192K), 1 survivors (4096K)
 Metaspace       used 36254K, committed 36608K, reserved 1114112K
  class space    used 3842K, committed 4032K, reserved 1048576K
}
Event: 36.294 GC heap after
{Heap after GC invocations=6 (full 0):
 garbage-first heap   total 81920K, used 24570K [0x0000000600c00000, 0x0000000800000000)
  region size 4096K, 1 young (4096K), 1 survivors (4096K)
 Metaspace       used 36254K, committed 36608K, reserved 1114112K
  class space    used 3842K, committed 4032K, reserved 1048576K
}

Dll operation events (13 events):
Event: 0.238 Loaded shared library C:\Users\admin\AppData\Local\Programs\STM32CubeMX\jre\bin\java.dll
Event: 5.645 Loaded shared library C:\Users\admin\AppData\Local\Programs\STM32CubeMX\jre\bin\jsvml.dll
Event: 7.776 Loaded shared library C:\Users\admin\AppData\Local\Programs\STM32CubeMX\jre\bin\net.dll
Event: 7.818 Loaded shared library C:\Users\admin\AppData\Local\Programs\STM32CubeMX\jre\bin\nio.dll
Event: 9.888 Loaded shared library C:\Users\admin\AppData\Local\Programs\STM32CubeMX\jre\bin\zip.dll
Event: 11.910 Loaded shared library C:\Users\admin\AppData\Local\Programs\STM32CubeMX\jre\bin\jimage.dll
Event: 13.810 Loaded shared library C:\Users\admin\AppData\Local\Programs\STM32CubeMX\jre\bin\management.dll
Event: 14.276 Loaded shared library C:\Users\admin\AppData\Local\Programs\STM32CubeMX\jre\bin\management_ext.dll
Event: 21.105 Loaded shared library C:\Users\admin\AppData\Local\Programs\STM32CubeMX\jre\bin\awt.dll
Event: 23.200 Loaded shared library C:\Users\admin\AppData\Local\Programs\STM32CubeMX\jre\bin\freetype.dll
Event: 23.403 Loaded shared library C:\Users\admin\AppData\Local\Programs\STM32CubeMX\jre\bin\fontmanager.dll
Event: 27.886 Loaded shared library C:\Users\admin\AppData\Local\Programs\STM32CubeMX\jre\bin\verify.dll
Event: 28.466 Loaded shared library C:\Users\admin\AppData\Local\Programs\STM32CubeMX\jre\bin\prefs.dll

Deoptimization events (20 events):
Event: 38.865 Thread 0x0000000028c01d70 Uncommon trap: trap_request=0xffffff45 fr.pc=0x000000001411e028 relative=0x0000000000000208
Event: 38.865 Thread 0x0000000028c01d70 Uncommon trap: reason=unstable_if action=reinterpret pc=0x000000001411e028 method=java.lang.StringUTF16.compress([CII)[B @ 13 c2
Event: 38.865 Thread 0x0000000028c01d70 DEOPT PACKING pc=0x000000001411e028 sp=0x0000000030f9cf30
Event: 38.865 Thread 0x0000000028c01d70 DEOPT UNPACKING pc=0x0000000013b746a2 sp=0x0000000030f9ceb8 mode 2
Event: 38.878 Thread 0x0000000028c01d70 Uncommon trap: trap_request=0xffffff45 fr.pc=0x0000000014115368 relative=0x0000000000000048
Event: 38.878 Thread 0x0000000028c01d70 Uncommon trap: reason=unstable_if action=reinterpret pc=0x0000000014115368 method=java.lang.StringLatin1.canEncode(I)Z @ 4 c2
Event: 38.878 Thread 0x0000000028c01d70 DEOPT PACKING pc=0x0000000014115368 sp=0x0000000030f9de30
Event: 38.878 Thread 0x0000000028c01d70 DEOPT UNPACKING pc=0x0000000013b746a2 sp=0x0000000030f9ddc0 mode 2
Event: 38.879 Thread 0x0000000028c01d70 Uncommon trap: trap_request=0xffffff45 fr.pc=0x00000000140fd55c relative=0x00000000000005fc
Event: 38.879 Thread 0x0000000028c01d70 Uncommon trap: reason=unstable_if action=reinterpret pc=0x00000000140fd55c method=java.lang.String.substring(II)Ljava/lang/String; @ 31 c2
Event: 38.879 Thread 0x0000000028c01d70 DEOPT PACKING pc=0x00000000140fd55c sp=0x0000000030f9df00
Event: 38.879 Thread 0x0000000028c01d70 DEOPT UNPACKING pc=0x0000000013b746a2 sp=0x0000000030f9ded0 mode 2
Event: 38.881 Thread 0x0000000028c01d70 Uncommon trap: trap_request=0xffffff45 fr.pc=0x000000001412aef8 relative=0x00000000000004b8
Event: 38.881 Thread 0x0000000028c01d70 Uncommon trap: reason=unstable_if action=reinterpret pc=0x000000001412aef8 method=java.lang.String.<init>(Ljava/lang/AbstractStringBuilder;Ljava/lang/Void;)V @ 19 c2
Event: 38.881 Thread 0x0000000028c01d70 DEOPT PACKING pc=0x000000001412aef8 sp=0x0000000030f9ddf0
Event: 38.881 Thread 0x0000000028c01d70 DEOPT UNPACKING pc=0x0000000013b746a2 sp=0x0000000030f9dda0 mode 2
Event: 38.931 Thread 0x0000000028c01d70 Uncommon trap: trap_request=0xffffffde fr.pc=0x0000000014174888 relative=0x0000000000000608
Event: 38.931 Thread 0x0000000028c01d70 Uncommon trap: reason=class_check action=maybe_recompile pc=0x0000000014174888 method=java.util.regex.Matcher.search(I)Z @ 121 c2
Event: 38.931 Thread 0x0000000028c01d70 DEOPT PACKING pc=0x0000000014174888 sp=0x0000000030f9e2d0
Event: 38.931 Thread 0x0000000028c01d70 DEOPT UNPACKING pc=0x0000000013b746a2 sp=0x0000000030f9e290 mode 2

Classes loaded (20 events):
Event: 38.923 Loading class jdk/internal/icu/text/NormalizerBase
Event: 38.923 Loading class jdk/internal/icu/text/NormalizerBase done
Event: 38.923 Loading class jdk/internal/icu/text/NormalizerBase$NONEMode
Event: 38.924 Loading class jdk/internal/icu/text/NormalizerBase$NONEMode done
Event: 38.924 Loading class jdk/internal/icu/text/NormalizerBase$NFDMode
Event: 38.924 Loading class jdk/internal/icu/text/NormalizerBase$NFDMode done
Event: 38.924 Loading class jdk/internal/icu/text/NormalizerBase$NFKDMode
Event: 38.924 Loading class jdk/internal/icu/text/NormalizerBase$NFKDMode done
Event: 38.924 Loading class jdk/internal/icu/text/NormalizerBase$NFCMode
Event: 38.924 Loading class jdk/internal/icu/text/NormalizerBase$NFCMode done
Event: 38.924 Loading class jdk/internal/icu/text/NormalizerBase$NFKCMode
Event: 38.924 Loading class jdk/internal/icu/text/NormalizerBase$NFKCMode done
Event: 38.924 Loading class jdk/internal/icu/text/UCharacterIterator
Event: 38.925 Loading class jdk/internal/icu/text/UCharacterIterator done
Event: 38.925 Loading class jdk/internal/icu/impl/ReplaceableUCharacterIterator
Event: 38.925 Loading class jdk/internal/icu/impl/ReplaceableUCharacterIterator done
Event: 38.925 Loading class jdk/internal/icu/text/ReplaceableString
Event: 38.925 Loading class jdk/internal/icu/text/Replaceable
Event: 38.925 Loading class jdk/internal/icu/text/Replaceable done
Event: 38.925 Loading class jdk/internal/icu/text/ReplaceableString done

Classes unloaded (0 events):
No events

Classes redefined (0 events):
No events

Internal exceptions (20 events):
Event: 37.645 Thread 0x0000000028c01d70 Exception <a 'java/io/IOException'{0x0000000604973c60}> (0x0000000604973c60) 
thrown [s\src\hotspot\share\prims\jni.cpp, line 520]
Event: 37.705 Thread 0x0000000028c01d70 Exception <a 'java/io/IOException'{0x00000006049e0350}> (0x00000006049e0350) 
thrown [s\src\hotspot\share\prims\jni.cpp, line 520]
Event: 37.705 Thread 0x0000000028c01d70 Exception <a 'java/io/IOException'{0x00000006049e0918}> (0x00000006049e0918) 
thrown [s\src\hotspot\share\prims\jni.cpp, line 520]
Event: 37.705 Thread 0x0000000028c01d70 Exception <a 'java/io/IOException'{0x00000006049e1820}> (0x00000006049e1820) 
thrown [s\src\hotspot\share\prims\jni.cpp, line 520]
Event: 37.706 Thread 0x0000000028c01d70 Exception <a 'java/io/IOException'{0x00000006049e1de8}> (0x00000006049e1de8) 
thrown [s\src\hotspot\share\prims\jni.cpp, line 520]
Event: 37.820 Thread 0x0000000028c01d70 Exception <a 'java/io/IOException'{0x0000000604a79cc0}> (0x0000000604a79cc0) 
thrown [s\src\hotspot\share\prims\jni.cpp, line 520]
Event: 37.820 Thread 0x0000000028c01d70 Exception <a 'java/io/IOException'{0x0000000604a7a288}> (0x0000000604a7a288) 
thrown [s\src\hotspot\share\prims\jni.cpp, line 520]
Event: 37.820 Thread 0x0000000028c01d70 Exception <a 'java/io/IOException'{0x0000000604a7b1b8}> (0x0000000604a7b1b8) 
thrown [s\src\hotspot\share\prims\jni.cpp, line 520]
Event: 37.821 Thread 0x0000000028c01d70 Exception <a 'java/io/IOException'{0x0000000604a7b780}> (0x0000000604a7b780) 
thrown [s\src\hotspot\share\prims\jni.cpp, line 520]
Event: 37.889 Thread 0x0000000028c01d70 Exception <a 'java/io/IOException'{0x0000000604ad9288}> (0x0000000604ad9288) 
thrown [s\src\hotspot\share\prims\jni.cpp, line 520]
Event: 37.889 Thread 0x0000000028c01d70 Exception <a 'java/io/IOException'{0x0000000604ad9850}> (0x0000000604ad9850) 
thrown [s\src\hotspot\share\prims\jni.cpp, line 520]
Event: 37.889 Thread 0x0000000028c01d70 Exception <a 'java/io/IOException'{0x0000000604ada760}> (0x0000000604ada760) 
thrown [s\src\hotspot\share\prims\jni.cpp, line 520]
Event: 37.889 Thread 0x0000000028c01d70 Exception <a 'java/io/IOException'{0x0000000604adad28}> (0x0000000604adad28) 
thrown [s\src\hotspot\share\prims\jni.cpp, line 520]
Event: 38.263 Thread 0x0000000028c01d70 Exception <a 'java/io/IOException'{0x00000006047087f0}> (0x00000006047087f0) 
thrown [s\src\hotspot\share\prims\jni.cpp, line 520]
Event: 38.263 Thread 0x0000000028c01d70 Exception <a 'java/io/IOException'{0x0000000604708db8}> (0x0000000604708db8) 
thrown [s\src\hotspot\share\prims\jni.cpp, line 520]
Event: 38.380 Thread 0x0000000028c01d70 Exception <a 'java/lang/NullPointerException'{0x0000000604052f70}> (0x0000000604052f70) 
thrown [s\src\hotspot\share\interpreter\linkResolver.cpp, line 1456]
Event: 38.942 Thread 0x0000000028c01d70 Exception <a 'java/io/IOException'{0x0000000603e7b1e8}> (0x0000000603e7b1e8) 
thrown [s\src\hotspot\share\prims\jni.cpp, line 520]
Event: 38.942 Thread 0x0000000028c01d70 Exception <a 'java/io/IOException'{0x0000000603e7b7b0}> (0x0000000603e7b7b0) 
thrown [s\src\hotspot\share\prims\jni.cpp, line 520]
Event: 38.942 Thread 0x0000000028c01d70 Exception <a 'java/io/IOException'{0x0000000603e7c6b0}> (0x0000000603e7c6b0) 
thrown [s\src\hotspot\share\prims\jni.cpp, line 520]
Event: 38.942 Thread 0x0000000028c01d70 Exception <a 'java/io/IOException'{0x0000000603e7cc78}> (0x0000000603e7cc78) 
thrown [s\src\hotspot\share\prims\jni.cpp, line 520]

ZGC Phase Switch (0 events):
No events

VM Operations (20 events):
Event: 36.292 Executing VM operation: CollectForMetadataAllocation (Metadata GC Threshold)
Event: 36.294 Executing VM operation: CollectForMetadataAllocation (Metadata GC Threshold) done
Event: 36.321 Executing VM operation: G1PauseRemark
Event: 36.324 Executing VM operation: G1PauseRemark done
Event: 36.331 Executing VM operation: G1PauseCleanup
Event: 36.332 Executing VM operation: G1PauseCleanup done
Event: 36.335 Executing VM operation: HandshakeAllThreads (Deoptimize)
Event: 36.335 Executing VM operation: HandshakeAllThreads (Deoptimize) done
Event: 38.221 Executing VM operation: HandshakeAllThreads (Deoptimize)
Event: 38.221 Executing VM operation: HandshakeAllThreads (Deoptimize) done
Event: 38.221 Executing VM operation: Cleanup
Event: 38.221 Executing VM operation: Cleanup done
Event: 38.222 Executing VM operation: HandshakeAllThreads (Deoptimize)
Event: 38.222 Executing VM operation: HandshakeAllThreads (Deoptimize) done
Event: 38.252 Executing VM operation: HandshakeAllThreads (Deoptimize)
Event: 38.252 Executing VM operation: HandshakeAllThreads (Deoptimize) done
Event: 38.625 Executing VM operation: HandshakeAllThreads (Deoptimize)
Event: 38.625 Executing VM operation: HandshakeAllThreads (Deoptimize) done
Event: 38.760 Executing VM operation: HandshakeAllThreads (Deoptimize)
Event: 38.760 Executing VM operation: HandshakeAllThreads (Deoptimize) done

Events (20 events):
Event: 36.323 Thread 0x00000000289b78e0 flushing nmethod 0x0000000014104f10
Event: 36.323 Thread 0x00000000289b78e0 flushing nmethod 0x00000000140f6b10
Event: 36.323 Thread 0x00000000289b78e0 flushing nmethod 0x000000001411d510
Event: 36.323 Thread 0x00000000289b78e0 flushing nmethod 0x0000000014116310
Event: 36.323 Thread 0x00000000289b78e0 flushing nmethod 0x00000000140f6410
Event: 36.323 Thread 0x00000000289b78e0 flushing nmethod 0x0000000014114b90
Event: 36.323 Thread 0x00000000289b78e0 flushing nmethod 0x0000000014100e10
Event: 36.323 Thread 0x00000000289b78e0 flushing nmethod 0x0000000014112b90
Event: 36.323 Thread 0x00000000289b78e0 flushing nmethod 0x00000000140fb310
Event: 36.323 Thread 0x00000000289b78e0 flushing nmethod 0x00000000140fd990
Event: 36.323 Thread 0x00000000289b78e0 flushing nmethod 0x00000000140f1910
Event: 36.323 Thread 0x00000000289b78e0 flushing nmethod 0x00000000140e3710
Event: 36.323 Thread 0x00000000289b78e0 flushing nmethod 0x00000000140e7590
Event: 36.323 Thread 0x00000000289b78e0 flushing nmethod 0x00000000140c3f10
Event: 36.323 Thread 0x00000000289b78e0 flushing nmethod 0x00000000140c0010
Event: 36.458 Thread 0x0000000028c044d0 Thread added: 0x0000000028c044d0
Event: 36.715 Thread 0x000000002e0d26e0 Thread exited: 0x000000002e0d26e0
Event: 36.865 Thread 0x000000002ec93cf0 Thread added: 0x000000002ec93cf0
Event: 38.677 Thread 0x00000000313496a0 Thread added: 0x00000000313496a0
Event: 38.795 Thread 0x0000000031a691c0 Thread added: 0x0000000031a691c0


Dynamic libraries:
0x00007ff72ab80000 - 0x00007ff72ab8e000 	C:\Users\admin\AppData\Local\Programs\STM32CubeMX\jre\bin\javaw.exe
0x00007ffd11c90000 - 0x00007ffd11e88000 	C:\Windows\SYSTEM32\ntdll.dll
0x00007ffd0fde0000 - 0x00007ffd0fea2000 	C:\Windows\System32\KERNEL32.DLL
0x00007ffd0f470000 - 0x00007ffd0f76f000 	C:\Windows\System32\KERNELBASE.dll
0x00007ffd0fa50000 - 0x00007ffd0fb50000 	C:\Windows\System32\ucrtbase.dll
0x00007ffd0a6f0000 - 0x00007ffd0a708000 	C:\Users\admin\AppData\Local\Programs\STM32CubeMX\jre\bin\jli.dll
0x00007ffd112a0000 - 0x00007ffd1143d000 	C:\Windows\System32\USER32.dll
0x00007ffcf5a60000 - 0x00007ffcf5cfa000 	C:\Windows\WinSxS\amd64_microsoft.windows.common-controls_6595b64144ccf1df_6.0.19041.4355_none_60b8b9eb71f62e16\COMCTL32.dll
0x00007ffd0f380000 - 0x00007ffd0f3a2000 	C:\Windows\System32\win32u.dll
0x00007ffd118d0000 - 0x00007ffd1196e000 	C:\Windows\System32\msvcrt.dll
0x00007ffd11970000 - 0x00007ffd1199b000 	C:\Windows\System32\GDI32.dll
0x00007ffd0f820000 - 0x00007ffd0f93a000 	C:\Windows\System32\gdi32full.dll
0x00007ffd0f9b0000 - 0x00007ffd0fa4d000 	C:\Windows\System32\msvcp_win.dll
0x00007ffd0a490000 - 0x00007ffd0a4ab000 	C:\Users\admin\AppData\Local\Programs\STM32CubeMX\jre\bin\VCRUNTIME140.dll
0x00007ffd10680000 - 0x00007ffd106af000 	C:\Windows\System32\IMM32.DLL
0x00007ffce9350000 - 0x00007ffce968e000 	C:\Windows\System32\TmLWE\TmUmSnsr64\1.0.0.1143\TmUmSnsr64.dll
0x00007ffd119a0000 - 0x00007ffd119a8000 	C:\Windows\System32\PSAPI.DLL
0x00007ffd10b40000 - 0x00007ffd10bef000 	C:\Windows\System32\ADVAPI32.dll
0x00007ffd11600000 - 0x00007ffd1169f000 	C:\Windows\System32\sechost.dll
0x00007ffd0fcb0000 - 0x00007ffd0fdd3000 	C:\Windows\System32\RPCRT4.dll
0x00007ffd0f3b0000 - 0x00007ffd0f3d7000 	C:\Windows\System32\bcrypt.dll
0x00007ffd0d1b0000 - 0x00007ffd0d1c2000 	C:\Windows\SYSTEM32\kernel.appcore.dll
0x00007ffd0a9f0000 - 0x00007ffd0a9fc000 	C:\Users\admin\AppData\Local\Programs\STM32CubeMX\jre\bin\vcruntime140_1.dll
0x00007ffcf8b50000 - 0x00007ffcf8bde000 	C:\Users\admin\AppData\Local\Programs\STM32CubeMX\jre\bin\msvcp140.dll
0x00007ffcb1fc0000 - 0x00007ffcb2d42000 	C:\Users\admin\AppData\Local\Programs\STM32CubeMX\jre\bin\server\jvm.dll
0x00007ffd10c70000 - 0x00007ffd10cdb000 	C:\Windows\System32\WS2_32.dll
0x00007ffd07a90000 - 0x00007ffd07ab7000 	C:\Windows\SYSTEM32\WINMM.dll
0x00007ffd0f0e0000 - 0x00007ffd0f12b000 	C:\Windows\SYSTEM32\POWRPROF.dll
0x00007ffd07ac0000 - 0x00007ffd07aca000 	C:\Windows\SYSTEM32\VERSION.dll
0x00007ffd0f0c0000 - 0x00007ffd0f0d2000 	C:\Windows\SYSTEM32\UMPDC.dll
0x00007ffd09ce0000 - 0x00007ffd09cea000 	C:\Users\admin\AppData\Local\Programs\STM32CubeMX\jre\bin\jimage.dll
0x00007ffcfe980000 - 0x00007ffcfeb64000 	C:\Windows\SYSTEM32\DBGHELP.DLL
0x00007ffcfe940000 - 0x00007ffcfe974000 	C:\Windows\SYSTEM32\dbgcore.DLL
0x00007ffd0f3e0000 - 0x00007ffd0f462000 	C:\Windows\System32\bcryptPrimitives.dll
0x00007ffd09cc0000 - 0x00007ffd09cdf000 	C:\Users\admin\AppData\Local\Programs\STM32CubeMX\jre\bin\java.dll
0x00007ffd0ff10000 - 0x00007ffd1067d000 	C:\Windows\System32\SHELL32.dll
0x00007ffd0d3b0000 - 0x00007ffd0db54000 	C:\Windows\SYSTEM32\windows.storage.dll
0x00007ffd106b0000 - 0x00007ffd10a05000 	C:\Windows\System32\combase.dll
0x00007ffd0ecf0000 - 0x00007ffd0ed1f000 	C:\Windows\SYSTEM32\Wldp.dll
0x00007ffd11b00000 - 0x00007ffd11bcd000 	C:\Windows\System32\OLEAUT32.dll
0x00007ffd111f0000 - 0x00007ffd1129d000 	C:\Windows\System32\SHCORE.dll
0x00007ffd11870000 - 0x00007ffd118c5000 	C:\Windows\System32\shlwapi.dll
0x00007ffd0f260000 - 0x00007ffd0f284000 	C:\Windows\SYSTEM32\profapi.dll
0x00007ffcee890000 - 0x00007ffcee967000 	C:\Users\admin\AppData\Local\Programs\STM32CubeMX\jre\bin\jsvml.dll
0x00007ffd09cb0000 - 0x00007ffd09cc0000 	C:\Users\admin\AppData\Local\Programs\STM32CubeMX\jre\bin\net.dll
0x00007ffd04b80000 - 0x00007ffd04c8a000 	C:\Windows\SYSTEM32\WINHTTP.dll
0x00007ffd0e9f0000 - 0x00007ffd0ea5c000 	C:\Windows\system32\mswsock.dll
0x00007ffd09c70000 - 0x00007ffd09c86000 	C:\Users\admin\AppData\Local\Programs\STM32CubeMX\jre\bin\nio.dll
0x00007ffd099c0000 - 0x00007ffd099d8000 	C:\Users\admin\AppData\Local\Programs\STM32CubeMX\jre\bin\zip.dll
0x00007ffd099f0000 - 0x00007ffd099fa000 	C:\Users\admin\AppData\Local\Programs\STM32CubeMX\jre\bin\management.dll
0x00007ffd099b0000 - 0x00007ffd099bb000 	C:\Users\admin\AppData\Local\Programs\STM32CubeMX\jre\bin\management_ext.dll
0x00007ffcf4100000 - 0x00007ffcf4117000 	C:\Windows\system32\napinsp.dll
0x00007ffcf3df0000 - 0x00007ffcf3e0b000 	C:\Windows\system32\pnrpnsp.dll
0x00007ffcf3dd0000 - 0x00007ffcf3de5000 	C:\Windows\system32\wshbth.dll
0x00007ffd08410000 - 0x00007ffd0842d000 	C:\Windows\system32\NLAapi.dll
0x00007ffd0e6d0000 - 0x00007ffd0e70b000 	C:\Windows\SYSTEM32\IPHLPAPI.DLL
0x00007ffd0e710000 - 0x00007ffd0e7da000 	C:\Windows\SYSTEM32\DNSAPI.dll
0x00007ffd11af0000 - 0x00007ffd11af8000 	C:\Windows\System32\NSI.dll
0x00007ffcf3ba0000 - 0x00007ffcf3bb2000 	C:\Windows\System32\winrnr.dll
0x0000000076bf0000 - 0x0000000076c16000 	C:\Program Files\Bonjour\mdnsNSP.dll
0x00007ffd088e0000 - 0x00007ffd088ea000 	C:\Windows\System32\rasadhlp.dll
0x00007ffd030e0000 - 0x00007ffd03160000 	C:\Windows\System32\fwpuclnt.dll
0x00007ffcd5080000 - 0x00007ffcd520e000 	C:\Users\admin\AppData\Local\Programs\STM32CubeMX\jre\bin\awt.dll
0x00007ffd0ca40000 - 0x00007ffd0cad4000 	C:\Windows\SYSTEM32\apphelp.dll
0x00007ffd0ebe0000 - 0x00007ffd0ebf8000 	C:\Windows\SYSTEM32\CRYPTSP.dll
0x00007ffd0e310000 - 0x00007ffd0e344000 	C:\Windows\system32\rsaenh.dll
0x00007ffd0f1e0000 - 0x00007ffd0f20e000 	C:\Windows\SYSTEM32\USERENV.dll
0x00007ffd0ec00000 - 0x00007ffd0ec0c000 	C:\Windows\SYSTEM32\CRYPTBASE.dll
0x00007ffd0ccc0000 - 0x00007ffd0cd5e000 	C:\Windows\system32\uxtheme.dll
0x00007ffd116a0000 - 0x00007ffd117b5000 	C:\Windows\System32\MSCTF.dll
0x00007ffd10a10000 - 0x00007ffd10b3b000 	C:\Windows\System32\ole32.dll
0x00007ffd0cdd0000 - 0x00007ffd0cdff000 	C:\Windows\system32\DWMAPI.DLL
0x00007ffce7770000 - 0x00007ffce7898000 	C:\Windows\system32\opengl32.dll
0x00007ffcfb250000 - 0x00007ffcfb27c000 	C:\Windows\SYSTEM32\GLU32.dll
0x00007ffcee650000 - 0x00007ffcee6d7000 	C:\Users\admin\AppData\Local\Programs\STM32CubeMX\jre\bin\freetype.dll
0x00007ffce7d20000 - 0x00007ffce7e02000 	C:\Users\admin\AppData\Local\Programs\STM32CubeMX\jre\bin\fontmanager.dll
0x00007ffd0aa00000 - 0x00007ffd0aa10000 	C:\Users\admin\AppData\Local\Programs\STM32CubeMX\jre\bin\verify.dll
0x00007ffd099a0000 - 0x00007ffd099a9000 	C:\Users\admin\AppData\Local\Programs\STM32CubeMX\jre\bin\prefs.dll

dbghelp: loaded successfully - version: 4.0.5 - missing functions: none
symbol engine: initialized successfully - sym options: 0x614 - pdb path: .;C:\Users\admin\AppData\Local\Programs\STM32CubeMX\jre\bin;C:\Windows\SYSTEM32;C:\Windows\WinSxS\amd64_microsoft.windows.common-controls_6595b64144ccf1df_6.0.19041.4355_none_60b8b9eb71f62e16;C:\Windows\System32\TmLWE\TmUmSnsr64\1.0.0.1143;C:\Users\admin\AppData\Local\Programs\STM32CubeMX\jre\bin\server;C:\Program Files\Bonjour

VM Arguments:
jvm_args: -Djavax.net.ssl.trustStoreType=WINDOWS-ROOT -Dsun.java2d.d3d=false 
java_command: com.st.microxplorer.maingui.STM32CubeMX D:\MPLIB\MPLIB_APP_FRAMEWORK_H7_FREERTOS\MPLIB_APP_FRAMEWORK_H7_FREERTOS.ioc
java_class_path (initial): C:\Users\admin\AppData\Local\Programs\STM32CubeMX\STM32CubeMX.exe;anything
Launcher Type: SUN_STANDARD

[Global flags]
     intx CICompilerCount                          = 4                                         {product} {ergonomic}
     uint ConcGCThreads                            = 2                                         {product} {ergonomic}
     uint G1ConcRefinementThreads                  = 8                                         {product} {ergonomic}
   size_t G1HeapRegionSize                         = 4194304                                   {product} {ergonomic}
    uintx GCDrainStackTargetSize                   = 64                                        {product} {ergonomic}
   size_t InitialHeapSize                          = 536870912                                 {product} {ergonomic}
   size_t MarkStackSize                            = 4194304                                   {product} {ergonomic}
   size_t MaxHeapSize                              = 8577351680                                {product} {ergonomic}
   size_t MaxNewSize                               = 5146411008                                {product} {ergonomic}
   size_t MinHeapDeltaBytes                        = 4194304                                   {product} {ergonomic}
   size_t MinHeapSize                              = 8388608                                   {product} {ergonomic}
    uintx NonNMethodCodeHeapSize                   = 5839372                                {pd product} {ergonomic}
    uintx NonProfiledCodeHeapSize                  = 122909434                              {pd product} {ergonomic}
    uintx ProfiledCodeHeapSize                     = 122909434                              {pd product} {ergonomic}
    uintx ReservedCodeCacheSize                    = 251658240                              {pd product} {ergonomic}
     bool SegmentedCodeCache                       = true                                      {product} {ergonomic}
   size_t SoftMaxHeapSize                          = 8577351680                             {manageable} {ergonomic}
     bool UseCompressedOops                        = true                           {product lp64_product} {ergonomic}
     bool UseG1GC                                  = true                                      {product} {ergonomic}
     bool UseLargePagesIndividualAllocation        = false                                  {pd product} {ergonomic}

Logging:
Log output configuration:
 #0: stdout all=warning uptime,level,tags foldmultilines=false
 #1: stderr all=off uptime,level,tags foldmultilines=false

Environment Variables:
PATH=C:\Users\admin\AppData\Local\Programs\STM32CubeMX\;C:\Program Files (x86)\Common Files\Oracle\Java\java8path;C:\Program Files (x86)\Common Files\Oracle\Java\javapath;C:\Program Files\Microsoft SDKs\Azure\CLI2\wbin;C:\Windows\system32;C:\Windows;C:\Windows\System32\Wbem;C:\Windows\System32\WindowsPowerShell\v1.0\;C:\Windows\System32\OpenSSH\;C:\Program Files\Amazon\AWSCLIV2\;C:\Program Files\PuTTY\;C:\Program Files\dotnet\;C:\Program Files\usbipd-win\;C:\Program Files\Git\cmd;C:\Program Files\CMake\bin;C:\Users\admin\AppData\Local\Programs\Python\Python312;d:\Program Files\PothosSDR\bin;C:\Users\admin\AppData\Local\ActiveState\StateTool\release\bin;C:\Users\admin\AppData\Local\Programs\Python\Python312\Scripts\;C:\Users\admin\AppData\Local\Programs\Python\Python312\;C:\Users\admin\AppData\Local\activestate\cache\bin;C:\Users\admin\AppData\Local\Microsoft\WindowsApps;C:\Program Files (x86)\Atmel\Flip 3.4.7\bin;C:\Program Files\JetBrains\PyCharm Community Edition 2022.3.3\bin;;C:\Users\admin\AppData\Local\Programs\Microsoft VS Code\bin;C:\Users\admin\AppData\Local\GitHubDesktop\bin;C:\Program Files\Git\bin;d:\msys64\ucrt64\bin;;C:\Users\admin\AppData\Local\Programs\STM32CubeMX\.\jre\\bin
USERNAME=admin
OS=Windows_NT
PROCESSOR_IDENTIFIER=Intel64 Family 6 Model 58 Stepping 9, GenuineIntel
TMP=C:\Users\admin\AppData\Local\Temp
TEMP=C:\Users\admin\AppData\Local\Temp




Periodic native trim disabled

---------------  S Y S T E M  ---------------

OS:
 Windows 10 , 64 bit Build 19041 (10.0.19041.5438)
OS uptime: 4 days 19:22 hours

CPU: total 8 (initial active 8) (4 cores per cpu, 2 threads per core) family 6 model 58 stepping 9 microcode 0x21, cx8, cmov, fxsr, ht, mmx, sse, sse2, sse3, ssse3, sse4.1, sse4.2, popcnt, tsc, tscinvbit, avx, aes, erms, clmul, vzeroupper, clflush, rdtscp, f16c
Processor Information for all 8 processors :
  Max Mhz: 2801, Current Mhz: 2500, Mhz Limit: 2492

Memory: 4k page, system-wide physical 32706M (24388M free)
TotalPageFile size 35557M (AvailPageFile size 27277M)
current process WorkingSet (physical memory assigned to process): 208M, peak: 208M
current process commit charge ("private bytes"): 252M, peak: 625M

vm_info: OpenJDK 64-Bit Server VM (21.0.3+9-LTS) for windows-amd64 JRE (21.0.3+9-LTS), built on 2024-04-16T00:00:00Z by "admin" with MS VC++ 17.7 (VS2022)

END.
